<?xml version="1.0" encoding="UTF-8"?>
<!-- Generated by org.testng.reporters.JUnitReportReporter -->
<testsuite hostname="PF4A59NC" failures="0" tests="3" name="TestNGScreenshots.Attribute_Priority" time="2.157" errors="0" timestamp="2024-11-10T09:46:47 IST" skipped="0">
  <testcase classname="TestNGScreenshots.Attribute_Priority" name="enterUsername" time="0.713"/>
  <system-out/>
  <testcase classname="TestNGScreenshots.Attribute_Priority" name="enterPassword" time="0.191"/>
  <system-out/>
  <testcase classname="TestNGScreenshots.Attribute_Priority" name="clickLogin" time="1.253"/>
  <system-out/>
</testsuite> <!-- TestNGScreenshots.Attribute_Priority -->
