<?xml version="1.0" encoding="UTF-8"?>
<!-- Generated by org.testng.reporters.JUnitReportReporter -->
<testsuite hostname="PF4A59NC" failures="0" tests="3" name="TestNg.DataProvider_Example" time="94.459" errors="0" timestamp="2024-11-08T09:26:45 IST" skipped="0">
  <testcase classname="TestNg.DataProvider_Example" name="enterCredentials" time="38.710"/>
  <system-out/>
  <testcase classname="TestNg.DataProvider_Example" name="enterCredentials" time="40.048"/>
  <system-out/>
  <testcase classname="TestNg.DataProvider_Example" name="enterCredentials" time="15.701"/>
  <system-out/>
</testsuite> <!-- TestNg.DataProvider_Example -->
