<?xml version="1.0" encoding="UTF-8"?>
<!-- Generated by org.testng.reporters.JUnitReportReporter -->
<testsuite hostname="PF4A59NC" failures="0" tests="2" name="ExtentReports.ExtentReportExample2" time="1.719" errors="0" timestamp="2024-11-15T09:41:31 IST" skipped="0">
  <testcase classname="ExtentReports.ExtentReportExample2" name="loginToOrangeHRM" time="1.700"/>
  <system-out/>
  <testcase classname="ExtentReports.ExtentReportExample2" name="clickLogout" time="0.019"/>
  <system-out/>
</testsuite> <!-- ExtentReports.ExtentReportExample2 -->
