<?xml version="1.0" encoding="UTF-8"?>
<!-- Generated by org.testng.reporters.JUnitReportReporter -->
<testsuite hostname="PF4A59NC" failures="0" tests="3" name="TestNg.TC_1_LoginToOranghrm2" time="2.648" errors="0" timestamp="2024-11-10T09:31:57 IST" skipped="0">
  <testcase classname="TestNg.TC_1_LoginToOranghrm2" name="enterUsername" time="0.718"/>
  <system-out/>
  <testcase classname="TestNg.TC_1_LoginToOranghrm2" name="enterPassword" time="0.090"/>
  <system-out/>
  <testcase classname="TestNg.TC_1_LoginToOranghrm2" name="clickLogin" time="1.840"/>
  <system-out/>
</testsuite> <!-- TestNg.TC_1_LoginToOranghrm2 -->
