<?xml version="1.0" encoding="UTF-8"?>
<!-- Generated by org.testng.reporters.JUnitReportReporter -->
<testsuite hostname="PF4A59NC" failures="0" tests="3" name="TestNgAttributes.Attribute_Timeout" time="2.230" errors="0" timestamp="2024-11-08T09:39:18 IST" skipped="0">
  <testcase classname="TestNgAttributes.Attribute_Timeout" name="enterUsername" time="0.506"/>
  <system-out/>
  <testcase classname="TestNgAttributes.Attribute_Timeout" name="enterPassword" time="0.107"/>
  <system-out/>
  <testcase classname="TestNgAttributes.Attribute_Timeout" name="clickLogin" time="1.617"/>
  <system-out/>
</testsuite> <!-- TestNgAttributes.Attribute_Timeout -->
