<?xml version="1.0" encoding="UTF-8"?>
<!-- Generated by org.testng.reporters.JUnitReportReporter -->
<testsuite hostname="PF4A59NC" failures="0" tests="5" name="Listeners.LoginTest" time="0.781" errors="0" timestamp="2024-11-12T09:43:45 IST" skipped="0">
  <testcase classname="Listeners.LoginTest" name="VerifyApplicationLogo" time="0.506"/>
  <system-out/>
  <testcase classname="Listeners.LoginTest" name="verifyForgotYourPasswordLink" time="0.037"/>
  <system-out/>
  <testcase classname="Listeners.LoginTest" name="enterUsername" time="0.072"/>
  <system-out/>
  <testcase classname="Listeners.LoginTest" name="enterPassword" time="0.092"/>
  <system-out/>
  <testcase classname="Listeners.LoginTest" name="clickLogin" time="0.074"/>
  <system-out/>
</testsuite> <!-- Listeners.LoginTest -->
