<?xml version="1.0" encoding="UTF-8"?>
<!-- Generated by org.testng.reporters.JUnitReportReporter -->
<testsuite hostname="PF4A59NC" failures="0" tests="5" name="Tests.LoginTest" time="1.994" errors="0" timestamp="2024-11-12T09:22:09 IST" skipped="0">
  <testcase classname="Tests.LoginTest" name="VerifyApplicationLogo" time="0.484"/>
  <system-out/>
  <testcase classname="Tests.LoginTest" name="verifyForgotYourPasswordLink" time="0.036"/>
  <system-out/>
  <testcase classname="Tests.LoginTest" name="enterUsername" time="0.064"/>
  <system-out/>
  <testcase classname="Tests.LoginTest" name="enterPassword" time="0.078"/>
  <system-out/>
  <testcase classname="Tests.LoginTest" name="clickLogin" time="1.332"/>
  <system-out/>
</testsuite> <!-- Tests.LoginTest -->
