<?xml version="1.0" encoding="UTF-8"?>
<!-- Generated by org.testng.reporters.JUnitReportReporter -->
<testsuite hostname="PF4A59NC" failures="0" tests="3" name="TestNgAttributes.Attribute_Priority" time="1.904" errors="0" timestamp="2024-11-08T09:37:30 IST" skipped="0">
  <testcase classname="TestNgAttributes.Attribute_Priority" name="enterUsername" time="0.510"/>
  <system-out/>
  <testcase classname="TestNgAttributes.Attribute_Priority" name="enterPassword" time="0.101"/>
  <system-out/>
  <testcase classname="TestNgAttributes.Attribute_Priority" name="clickLogin" time="1.293"/>
  <system-out/>
</testsuite> <!-- TestNgAttributes.Attribute_Priority -->
