<?xml version="1.0" encoding="UTF-8"?>
<!-- Generated by org.testng.reporters.JUnitReportReporter -->
<testsuite hostname="PF4A59NC" failures="0" tests="10" name="TestNgAttributes.Attribute_InvocationCount" time="1.526" errors="0" timestamp="2024-11-08T09:45:10 IST" skipped="1">
  <testcase classname="TestNgAttributes.Attribute_InvocationCount" name="enterUsername" time="0.100"/>
  <system-out/>
  <testcase classname="TestNgAttributes.Attribute_InvocationCount" name="enterUsername" time="0.803"/>
  <system-out/>
  <testcase classname="TestNgAttributes.Attribute_InvocationCount" name="enterUsername" time="0.080"/>
  <system-out/>
  <testcase classname="TestNgAttributes.Attribute_InvocationCount" name="enterUsername" time="0.079"/>
  <system-out/>
  <testcase classname="TestNgAttributes.Attribute_InvocationCount" name="enterUsername" time="0.088"/>
  <system-out/>
  <testcase classname="TestNgAttributes.Attribute_InvocationCount" name="enterUsername" time="0.078"/>
  <system-out/>
  <testcase classname="TestNgAttributes.Attribute_InvocationCount" name="enterUsername" time="0.063"/>
  <system-out/>
  <testcase classname="TestNgAttributes.Attribute_InvocationCount" name="enterUsername" time="0.085"/>
  <system-out/>
  <testcase classname="TestNgAttributes.Attribute_InvocationCount" name="enterPassword" time="0.150"/>
  <system-out/>
  <testcase classname="TestNgAttributes.Attribute_InvocationCount" name="clickLogin">
    <skipped/>
  </testcase> <!-- clickLogin -->
  <system-out/>
</testsuite> <!-- TestNgAttributes.Attribute_InvocationCount -->
