<?xml version="1.0" encoding="UTF-8"?>
<!-- Generated by org.testng.reporters.JUnitReportReporter -->
<testsuite hostname="PF4A59NC" failures="0" tests="3" name="TestNg.TC_2_LoginToOranghrm" time="5.438" errors="0" timestamp="2024-11-08T09:11:09 IST" skipped="0">
  <testcase classname="TestNg.TC_2_LoginToOranghrm" name="enterUsername" time="0.958"/>
  <system-out/>
  <testcase classname="TestNg.TC_2_LoginToOranghrm" name="enterPassword" time="0.112"/>
  <system-out/>
  <testcase classname="TestNg.TC_2_LoginToOranghrm" name="clickLogin" time="4.368"/>
  <system-out/>
</testsuite> <!-- TestNg.TC_2_LoginToOranghrm -->
