<?xml version="1.0" encoding="UTF-8"?>
<!-- Generated by org.testng.reporters.JUnitReportReporter -->
<testsuite hostname="PF4A59NC" failures="0" tests="4" name="TestNgAssertions.SoftAssertion" time="29.938" errors="0" timestamp="2024-11-10T09:23:13 IST" skipped="0">
  <testcase classname="TestNgAssertions.SoftAssertion" name="verifyTitle" time="27.536"/>
  <system-out/>
  <testcase classname="TestNgAssertions.SoftAssertion" name="enterUsername" time="2.264"/>
  <system-out/>
  <testcase classname="TestNgAssertions.SoftAssertion" name="enterPassword" time="0.077"/>
  <system-out/>
  <testcase classname="TestNgAssertions.SoftAssertion" name="clickLogin" time="0.061"/>
  <system-out/>
</testsuite> <!-- TestNgAssertions.SoftAssertion -->
