<?xml version="1.0" encoding="UTF-8"?>
<!-- Generated by org.testng.reporters.JUnitReportReporter -->
<testsuite hostname="PF4A59NC" failures="0" tests="3" name="TestNgAttributes.Attribute_Description" time="2.808" errors="0" timestamp="2024-11-08T09:43:09 IST" skipped="0">
  <testcase classname="TestNgAttributes.Attribute_Description" name="enterUsername" time="2.594"/>
  <system-out/>
  <testcase classname="TestNgAttributes.Attribute_Description" name="enterPassword" time="0.125"/>
  <system-out/>
  <testcase classname="TestNgAttributes.Attribute_Description" name="clickLogin" time="0.089"/>
  <system-out/>
</testsuite> <!-- TestNgAttributes.Attribute_Description -->
