<?xml version="1.0" encoding="UTF-8"?>
<!-- Generated by org.testng.reporters.JUnitReportReporter -->
<testsuite hostname="PF4A59NC" failures="0" tests="4" name="Tests.ForgotYourPasswordTest" time="17.597" errors="0" timestamp="2024-11-12T09:31:41 IST" skipped="0">
  <testcase classname="Tests.ForgotYourPasswordTest" name="verifyForgotYourPasswordLink" time="5.973"/>
  <system-out/>
  <testcase classname="Tests.ForgotYourPasswordTest" name="clickForgotYourPasswordLink" time="1.603"/>
  <system-out/>
  <testcase classname="Tests.ForgotYourPasswordTest" name="enterUsername" time="1.857"/>
  <system-out/>
  <testcase classname="Tests.ForgotYourPasswordTest" name="clickCancelButton" time="8.164"/>
  <system-out/>
</testsuite> <!-- Tests.ForgotYourPasswordTest -->
