<?xml version="1.0" encoding="UTF-8"?>
<!-- Generated by org.testng.reporters.JUnitReportReporter -->
<testsuite hostname="PF4A59NC" failures="0" tests="3" name="TestNgAttributes.Attribute_DataProvider" time="0.925" errors="0" timestamp="2024-11-08T09:34:29 IST" skipped="0">
  <testcase classname="TestNgAttributes.Attribute_DataProvider" name="enterCredentials" time="0.631"/>
  <system-out/>
  <testcase classname="TestNgAttributes.Attribute_DataProvider" name="enterCredentials" time="0.145"/>
  <system-out/>
  <testcase classname="TestNgAttributes.Attribute_DataProvider" name="enterCredentials" time="0.149"/>
  <system-out/>
</testsuite> <!-- TestNgAttributes.Attribute_DataProvider -->
