<?xml version="1.0" encoding="UTF-8"?>
<!-- Generated by org.testng.reporters.JUnitReportReporter -->
<testsuite hostname="PF4A59NC" failures="0" tests="4" name="TestNgAssertions.HardAssertion3" time="47.008" errors="0" timestamp="2024-11-10T09:17:20 IST" skipped="0">
  <testcase classname="TestNgAssertions.HardAssertion3" name="verifyTitle" time="0.034"/>
  <system-out/>
  <testcase classname="TestNgAssertions.HardAssertion3" name="enterUsername" time="45.402"/>
  <system-out/>
  <testcase classname="TestNgAssertions.HardAssertion3" name="enterPassword" time="1.499"/>
  <system-out/>
  <testcase classname="TestNgAssertions.HardAssertion3" name="clickLogin" time="0.073"/>
  <system-out/>
</testsuite> <!-- TestNgAssertions.HardAssertion3 -->
