<?xml version="1.0" encoding="UTF-8"?>
<!-- Generated by org.testng.reporters.JUnitReportReporter -->
<testsuite hostname="PF4A59NC" failures="0" tests="7" name="Tests.LoginAndLogoutTest" time="24.498" errors="0" timestamp="2024-11-15T09:22:44 IST" skipped="0">
  <testcase classname="Tests.LoginAndLogoutTest" name="VerifyApplicationLogo" time="0.412"/>
  <system-out/>
  <testcase classname="Tests.LoginAndLogoutTest" name="verifyForgotYourPasswordLink" time="0.040"/>
  <system-out/>
  <testcase classname="Tests.LoginAndLogoutTest" name="enterUsername" time="0.091"/>
  <system-out/>
  <testcase classname="Tests.LoginAndLogoutTest" name="enterPassword" time="0.108"/>
  <system-out/>
  <testcase classname="Tests.LoginAndLogoutTest" name="clickLogin" time="1.214"/>
  <system-out/>
  <testcase classname="Tests.LoginAndLogoutTest" name="clickUserDropdownMenu" time="7.390"/>
  <system-out/>
  <testcase classname="Tests.LoginAndLogoutTest" name="clickLogoutTab" time="15.243"/>
  <system-out/>
</testsuite> <!-- Tests.LoginAndLogoutTest -->
