<?xml version="1.0" encoding="UTF-8"?>
<!-- Generated by org.testng.reporters.JUnitReportReporter -->
<testsuite hostname="PF4A59NC" failures="0" tests="4" name="TestNgAssertions.HardAssertion" time="54.178" errors="0" timestamp="2024-11-10T09:13:24 IST" skipped="0">
  <testcase classname="TestNgAssertions.HardAssertion" name="verifyTitle" time="49.039"/>
  <system-out/>
  <testcase classname="TestNgAssertions.HardAssertion" name="enterUsername" time="4.966"/>
  <system-out/>
  <testcase classname="TestNgAssertions.HardAssertion" name="enterPassword" time="0.092"/>
  <system-out/>
  <testcase classname="TestNgAssertions.HardAssertion" name="clickLogin" time="0.081"/>
  <system-out/>
</testsuite> <!-- TestNgAssertions.HardAssertion -->
