<?xml version="1.0" encoding="UTF-8"?>
<!-- Generated by org.testng.reporters.JUnitReportReporter -->
<testsuite hostname="PF4A59NC" failures="0" tests="3" name="TestNGScreenshots.Attribute" time="0.920" errors="0" timestamp="2024-11-10T09:47:15 IST" skipped="0">
  <testcase classname="TestNGScreenshots.Attribute" name="enterUsername" time="0.682"/>
  <system-out/>
  <testcase classname="TestNGScreenshots.Attribute" name="enterPassword" time="0.183"/>
  <system-out/>
  <testcase classname="TestNGScreenshots.Attribute" name="clickLogin" time="0.055"/>
  <system-out/>
</testsuite> <!-- TestNGScreenshots.Attribute -->
