<?xml version="1.0" encoding="UTF-8"?>
<!-- Generated by org.testng.reporters.JUnitReportReporter -->
<testsuite hostname="PF4A59NC" failures="0" tests="3" name="TestNg.TC_1_LoginToOranghrm" time="0.788" errors="0" timestamp="2024-11-10T09:31:57 IST" skipped="0">
  <testcase classname="TestNg.TC_1_LoginToOranghrm" name="enterUsername" time="0.582"/>
  <system-out/>
  <testcase classname="TestNg.TC_1_LoginToOranghrm" name="enterPassword" time="0.121"/>
  <system-out/>
  <testcase classname="TestNg.TC_1_LoginToOranghrm" name="clickLogin" time="0.085"/>
  <system-out/>
</testsuite> <!-- TestNg.TC_1_LoginToOranghrm -->
